<?xml version="1.0" encoding="UTF-8"?>
<testng-results ignored="0" total="5" passed="5" failed="0" skipped="0">
  <reporter-output>
  </reporter-output>
  <suite started-at="2021-05-07T16:07:37 IST" name="Default suite" finished-at="2021-05-07T16:07:37 IST" duration-ms="133">
    <groups>
    </groups>
    <test started-at="2021-05-07T16:07:37 IST" name="Default test" finished-at="2021-05-07T16:07:37 IST" duration-ms="133">
      <class name="testHospitalSolutions">
        <test-method signature="testAllOutsidePatients()[pri:0, instance:testHospitalSolutions@145eaa29]" started-at="2021-05-07T16:07:37 IST" name="testAllOutsidePatients" finished-at="2021-05-07T16:07:37 IST" duration-ms="47" status="PASS">
          <reporter-output>
          </reporter-output>
        </test-method> <!-- testAllOutsidePatients -->
        <test-method signature="testHospitalSolutionsFuctionality()[pri:0, instance:testHospitalSolutions@145eaa29]" started-at="2021-05-07T16:07:37 IST" name="testHospitalSolutionsFuctionality" finished-at="2021-05-07T16:07:37 IST" duration-ms="8" status="PASS">
          <reporter-output>
          </reporter-output>
        </test-method> <!-- testHospitalSolutionsFuctionality -->
        <test-method signature="testWithLocationMixedCase()[pri:0, instance:testHospitalSolutions@145eaa29]" started-at="2021-05-07T16:07:37 IST" name="testWithLocationMixedCase" finished-at="2021-05-07T16:07:37 IST" duration-ms="2" status="PASS">
          <reporter-output>
          </reporter-output>
        </test-method> <!-- testWithLocationMixedCase -->
        <test-method signature="testWithLocationUpperCase()[pri:0, instance:testHospitalSolutions@145eaa29]" started-at="2021-05-07T16:07:37 IST" name="testWithLocationUpperCase" finished-at="2021-05-07T16:07:37 IST" duration-ms="3" status="PASS">
          <reporter-output>
          </reporter-output>
        </test-method> <!-- testWithLocationUpperCase -->
        <test-method signature="testWithZeroPatientRecord()[pri:0, instance:testHospitalSolutions@145eaa29]" started-at="2021-05-07T16:07:37 IST" name="testWithZeroPatientRecord" finished-at="2021-05-07T16:07:37 IST" duration-ms="1" status="PASS">
          <reporter-output>
          </reporter-output>
        </test-method> <!-- testWithZeroPatientRecord -->
      </class> <!-- testHospitalSolutions -->
    </test> <!-- Default test -->
  </suite> <!-- Default suite -->
</testng-results>
