<?xml version="1.0" encoding="UTF-8"?>
<!-- Generated by org.testng.reporters.JUnitXMLReporter -->
<testsuite ignored="0" hostname="Phavithras-MacBook-Air.local" failures="0" tests="5" name="Patient location percent" time="0.093" errors="0" timestamp="2021-05-06T15:34:31 IST">
  <testcase classname="testHospitalSolutions" name="testAllPatientsOutsideBanglore" time="0.029"/>
  <testcase classname="testHospitalSolutions" name="testHospitalSolutionsFuctionality" time="0.003"/>
  <testcase classname="testHospitalSolutions" name="testWithLocationMixedCase" time="0.005"/>
  <testcase classname="testHospitalSolutions" name="testWithLocationUpperCase" time="0.003"/>
  <testcase classname="testHospitalSolutions" name="testWithZeroPatientRecord" time="0.002"/>
</testsuite> <!-- Patient location percent -->
