<?xml version="1.0" encoding="UTF-8"?>
<!-- Generated by org.testng.reporters.JUnitXMLReporter -->
<testsuite ignored="0" hostname="Phavithras-MacBook-Air.local" failures="0" tests="5" name="Default test" time="0.133" errors="0" timestamp="2021-05-07T16:07:38 IST">
  <testcase classname="testHospitalSolutions" name="testAllOutsidePatients" time="0.047"/>
  <testcase classname="testHospitalSolutions" name="testHospitalSolutionsFuctionality" time="0.008"/>
  <testcase classname="testHospitalSolutions" name="testWithLocationMixedCase" time="0.002"/>
  <testcase classname="testHospitalSolutions" name="testWithLocationUpperCase" time="0.003"/>
  <testcase classname="testHospitalSolutions" name="testWithZeroPatientRecord" time="0.001"/>
</testsuite> <!-- Default test -->
